# JRE version: OpenJDK Runtime Environment (11.0.10) (build 11.0.10+0-b96-7249189)
# Java VM: OpenJDK 64-Bit Server VM (11.0.10+0-b96-7249189, mixed mode, tiered, compressed oops, g1 gc, windows-amd64)
Heap:
 garbage-first heap   total 1091584K, used 88004K [0x0000000080000000, 0x0000000100000000)
  region size 1024K, 1 young (1024K), 1 survivors (1024K)
 Metaspace       used 82816K, capacity 84733K, committed 85120K, reserved 1124352K
  class space    used 10285K, capacity 10965K, committed 11136K, reserved 1048576K
GC Heap History (20 events):
Event: 8230.416 GC heap after
{Heap after GC invocations=133 (full 0):
 garbage-first heap   total 176128K, used 59113K [0x0000000080000000, 0x0000000100000000)
  region size 1024K, 1 young (1024K), 1 survivors (1024K)
 Metaspace       used 81254K, capacity 83014K, committed 83584K, reserved 1122304K
  class space    used 10115K, capacity 10749K, committed 10880K, reserved 1048576K
}
Event: 8235.181 GC heap before
{Heap before GC invocations=134 (full 0):
 garbage-first heap   total 176128K, used 66281K [0x0000000080000000, 0x0000000100000000)
  region size 1024K, 8 young (8192K), 1 survivors (1024K)
 Metaspace       used 81348K, capacity 83187K, committed 83584K, reserved 1122304K
  class space    used 10120K, capacity 10758K, committed 10880K, reserved 1048576K
}
Event: 8235.614 GC heap after
{Heap after GC invocations=135 (full 0):
 garbage-first heap   total 238592K, used 60563K [0x0000000080000000, 0x0000000100000000)
  region size 1024K, 1 young (1024K), 1 survivors (1024K)
 Metaspace       used 81348K, capacity 83187K, committed 83584K, reserved 1122304K
  class space    used 10120K, capacity 10758K, committed 10880K, reserved 1048576K
}
Event: 8242.537 GC heap before
{Heap before GC invocations=135 (full 0):
 garbage-first heap   total 238592K, used 69779K [0x0000000080000000, 0x0000000100000000)
  region size 1024K, 11 young (11264K), 1 survivors (1024K)
 Metaspace       used 81424K, capacity 83323K, committed 83840K, reserved 1122304K
  class space    used 10127K, capacity 10771K, committed 10880K, reserved 1048576K
}
Event: 8242.608 GC heap after
{Heap after GC invocations=136 (full 0):
 garbage-first heap   total 238592K, used 61409K [0x0000000080000000, 0x0000000100000000)
  region size 1024K, 2 young (2048K), 2 survivors (2048K)
 Metaspace       used 81424K, capacity 83323K, committed 83840K, reserved 1122304K
  class space    used 10127K, capacity 10771K, committed 10880K, reserved 1048576K
}
Event: 8244.196 GC heap before
{Heap before GC invocations=137 (full 0):
 garbage-first heap   total 238592K, used 69601K [0x0000000080000000, 0x0000000100000000)
  region size 1024K, 11 young (11264K), 2 survivors (2048K)
 Metaspace       used 81424K, capacity 83323K, committed 83840K, reserved 1122304K
  class space    used 10127K, capacity 10771K, committed 10880K, reserved 1048576K
}
Event: 8244.469 GC heap after
{Heap after GC invocations=138 (full 0):
 garbage-first heap   total 238592K, used 61573K [0x0000000080000000, 0x0000000100000000)
  region size 1024K, 2 young (2048K), 2 survivors (2048K)
 Metaspace       used 81424K, capacity 83323K, committed 83840K, reserved 1122304K
  class space    used 10127K, capacity 10771K, committed 10880K, reserved 1048576K
}
Event: 8247.070 GC heap before
{Heap before GC invocations=138 (full 0):
 garbage-first heap   total 238592K, used 69765K [0x0000000080000000, 0x0000000100000000)
  region size 1024K, 11 young (11264K), 2 survivors (2048K)
 Metaspace       used 81568K, capacity 83483K, committed 83968K, reserved 1122304K
  class space    used 10157K, capacity 10825K, committed 11008K, reserved 1048576K
}
Event: 8247.097 GC heap after
{Heap after GC invocations=139 (full 0):
 garbage-first heap   total 238592K, used 61718K [0x0000000080000000, 0x0000000100000000)
  region size 1024K, 2 young (2048K), 2 survivors (2048K)
 Metaspace       used 81568K, capacity 83483K, committed 83968K, reserved 1122304K
  class space    used 10157K, capacity 10825K, committed 11008K, reserved 1048576K
}
Event: 8248.096 GC heap before
{Heap before GC invocations=140 (full 0):
 garbage-first heap   total 238592K, used 61718K [0x0000000080000000, 0x0000000100000000)
  region size 1024K, 4 young (4096K), 2 survivors (2048K)
 Metaspace       used 81744K, capacity 83646K, committed 83968K, reserved 1122304K
  class space    used 10180K, capacity 10858K, committed 11008K, reserved 1048576K
}
Event: 8248.265 GC heap after
{Heap after GC invocations=141 (full 0):
 garbage-first heap   total 238592K, used 61773K [0x0000000080000000, 0x0000000100000000)
  region size 1024K, 1 young (1024K), 1 survivors (1024K)
 Metaspace       used 81744K, capacity 83646K, committed 83968K, reserved 1122304K
  class space    used 10180K, capacity 10858K, committed 11008K, reserved 1048576K
}
Event: 8252.360 GC heap before
{Heap before GC invocations=142 (full 0):
 garbage-first heap   total 238592K, used 74061K [0x0000000080000000, 0x0000000100000000)
  region size 1024K, 11 young (11264K), 1 survivors (1024K)
 Metaspace       used 82298K, capacity 84210K, committed 84480K, reserved 1122304K
  class space    used 10235K, capacity 10897K, committed 11008K, reserved 1048576K
}
Event: 8256.213 GC heap after
{Heap after GC invocations=143 (full 0):
 garbage-first heap   total 419840K, used 68287K [0x0000000080000000, 0x0000000100000000)
  region size 1024K, 2 young (2048K), 2 survivors (2048K)
 Metaspace       used 82298K, capacity 84210K, committed 84480K, reserved 1122304K
  class space    used 10235K, capacity 10897K, committed 11008K, reserved 1048576K
}
Event: 8262.137 GC heap before
{Heap before GC invocations=143 (full 0):
 garbage-first heap   total 419840K, used 86719K [0x0000000080000000, 0x0000000100000000)
  region size 1024K, 20 young (20480K), 2 survivors (2048K)
 Metaspace       used 82696K, capacity 84573K, committed 84992K, reserved 1124352K
  class space    used 10277K, capacity 10933K, committed 11008K, reserved 1048576K
}
Event: 8263.287 GC heap after
{Heap after GC invocations=144 (full 0):
 garbage-first heap   total 419840K, used 73866K [0x0000000080000000, 0x0000000100000000)
  region size 1024K, 3 young (3072K), 3 survivors (3072K)
 Metaspace       used 82696K, capacity 84573K, committed 84992K, reserved 1124352K
  class space    used 10277K, capacity 10933K, committed 11008K, reserved 1048576K
}
Event: 8270.725 GC heap before
{Heap before GC invocations=145 (full 0):
 garbage-first heap   total 419840K, used 81034K [0x0000000080000000, 0x0000000100000000)
  region size 1024K, 12 young (12288K), 3 survivors (3072K)
 Metaspace       used 82802K, capacity 84701K, committed 84992K, reserved 1124352K
  class space    used 10282K, capacity 10933K, committed 11008K, reserved 1048576K
}
Event: 8273.247 GC heap after
{Heap after GC invocations=146 (full 0):
 garbage-first heap   total 419840K, used 80454K [0x0000000080000000, 0x0000000100000000)
  region size 1024K, 3 young (3072K), 3 survivors (3072K)
 Metaspace       used 82802K, capacity 84701K, committed 84992K, reserved 1124352K
  class space    used 10282K, capacity 10933K, committed 11008K, reserved 1048576K
}
Event: 8275.596 GC heap before
{Heap before GC invocations=147 (full 0):
 garbage-first heap   total 419840K, used 83526K [0x0000000080000000, 0x0000000100000000)
  region size 1024K, 4 young (4096K), 3 survivors (3072K)
 Metaspace       used 82802K, capacity 84701K, committed 84992K, reserved 1124352K
  class space    used 10282K, capacity 10933K, committed 11008K, reserved 1048576K
}
Event: 8276.202 GC heap after
{Heap after GC invocations=148 (full 0):
 garbage-first heap   total 419840K, used 83274K [0x0000000080000000, 0x0000000100000000)
  region size 1024K, 1 young (1024K), 1 survivors (1024K)
 Metaspace       used 82802K, capacity 84701K, committed 84992K, reserved 1124352K
  class space    used 10282K, capacity 10933K, committed 11008K, reserved 1048576K
}
Event: 8280.295 GC heap before
{Heap before GC invocations=149 (full 0):
 garbage-first heap   total 419840K, used 92490K [0x0000000080000000, 0x0000000100000000)
  region size 1024K, 2 young (2048K), 1 survivors (1024K)
 Metaspace       used 82816K, capacity 84733K, committed 85120K, reserved 1124352K
  class space    used 10285K, capacity 10965K, committed 11136K, reserved 1048576K
}

