# JRE version: OpenJDK Runtime Environment (11.0.10) (build 11.0.10+0-b96-7249189)
# Java VM: OpenJDK 64-Bit Server VM (11.0.10+0-b96-7249189, mixed mode, tiered, compressed oops, g1 gc, windows-amd64)
Heap:
 garbage-first heap   total 1044480K, used 177017K [0x0000000080000000, 0x0000000100000000)
  region size 1024K, 2 young (2048K), 2 survivors (2048K)
 Metaspace       used 104859K, capacity 107535K, committed 108288K, reserved 1142784K
  class space    used 13534K, capacity 14562K, committed 14848K, reserved 1048576K
GC Heap History (20 events):
Event: 157.401 GC heap after
{Heap after GC invocations=125 (full 0):
 garbage-first heap   total 128000K, used 119624K [0x0000000080000000, 0x0000000100000000)
  region size 1024K, 1 young (1024K), 1 survivors (1024K)
 Metaspace       used 104038K, capacity 106811K, committed 107008K, reserved 1142784K
  class space    used 13501K, capacity 14573K, committed 14592K, reserved 1048576K
}
Event: 157.465 GC heap before
{Heap before GC invocations=125 (full 0):
 garbage-first heap   total 128000K, used 124744K [0x0000000080000000, 0x0000000100000000)
  region size 1024K, 6 young (6144K), 1 survivors (1024K)
 Metaspace       used 104044K, capacity 106812K, committed 107008K, reserved 1142784K
  class space    used 13501K, capacity 14573K, committed 14592K, reserved 1048576K
}
Event: 157.480 GC heap after
{Heap after GC invocations=126 (full 0):
 garbage-first heap   total 129024K, used 122778K [0x0000000080000000, 0x0000000100000000)
  region size 1024K, 1 young (1024K), 1 survivors (1024K)
 Metaspace       used 104044K, capacity 106812K, committed 107008K, reserved 1142784K
  class space    used 13501K, capacity 14573K, committed 14592K, reserved 1048576K
}
Event: 157.526 GC heap before
{Heap before GC invocations=126 (full 0):
 garbage-first heap   total 129024K, used 127898K [0x0000000080000000, 0x0000000100000000)
  region size 1024K, 6 young (6144K), 1 survivors (1024K)
 Metaspace       used 104044K, capacity 106812K, committed 107008K, reserved 1142784K
  class space    used 13501K, capacity 14573K, committed 14592K, reserved 1048576K
}
Event: 157.549 GC heap after
{Heap after GC invocations=127 (full 0):
 garbage-first heap   total 174080K, used 125292K [0x0000000080000000, 0x0000000100000000)
  region size 1024K, 1 young (1024K), 1 survivors (1024K)
 Metaspace       used 104044K, capacity 106812K, committed 107008K, reserved 1142784K
  class space    used 13501K, capacity 14573K, committed 14592K, reserved 1048576K
}
Event: 158.052 GC heap before
{Heap before GC invocations=128 (full 0):
 garbage-first heap   total 174080K, used 135532K [0x0000000080000000, 0x0000000100000000)
  region size 1024K, 13 young (13312K), 1 survivors (1024K)
 Metaspace       used 104323K, capacity 106990K, committed 107776K, reserved 1142784K
  class space    used 13530K, capacity 14527K, committed 14848K, reserved 1048576K
}
Event: 158.076 GC heap after
{Heap after GC invocations=129 (full 0):
 garbage-first heap   total 174080K, used 129122K [0x0000000080000000, 0x0000000100000000)
  region size 1024K, 2 young (2048K), 2 survivors (2048K)
 Metaspace       used 104323K, capacity 106990K, committed 107776K, reserved 1142784K
  class space    used 13530K, capacity 14527K, committed 14848K, reserved 1048576K
}
Event: 158.244 GC heap before
{Heap before GC invocations=129 (full 0):
 garbage-first heap   total 174080K, used 135266K [0x0000000080000000, 0x0000000100000000)
  region size 1024K, 8 young (8192K), 2 survivors (2048K)
 Metaspace       used 104424K, capacity 107058K, committed 107776K, reserved 1142784K
  class space    used 13530K, capacity 14527K, committed 14848K, reserved 1048576K
}
Event: 158.277 GC heap after
{Heap after GC invocations=130 (full 0):
 garbage-first heap   total 174080K, used 123898K [0x0000000080000000, 0x0000000100000000)
  region size 1024K, 1 young (1024K), 1 survivors (1024K)
 Metaspace       used 104424K, capacity 107058K, committed 107776K, reserved 1142784K
  class space    used 13530K, capacity 14527K, committed 14848K, reserved 1048576K
}
Event: 158.571 GC heap before
{Heap before GC invocations=130 (full 0):
 garbage-first heap   total 174080K, used 137210K [0x0000000080000000, 0x0000000100000000)
  region size 1024K, 14 young (14336K), 1 survivors (1024K)
 Metaspace       used 104489K, capacity 107127K, committed 107776K, reserved 1142784K
  class space    used 13530K, capacity 14527K, committed 14848K, reserved 1048576K
}
Event: 158.605 GC heap after
{Heap after GC invocations=131 (full 0):
 garbage-first heap   total 174080K, used 131978K [0x0000000080000000, 0x0000000100000000)
  region size 1024K, 2 young (2048K), 2 survivors (2048K)
 Metaspace       used 104489K, capacity 107127K, committed 107776K, reserved 1142784K
  class space    used 13530K, capacity 14527K, committed 14848K, reserved 1048576K
}
Event: 158.757 GC heap before
{Heap before GC invocations=131 (full 0):
 garbage-first heap   total 174080K, used 141194K [0x0000000080000000, 0x0000000100000000)
  region size 1024K, 12 young (12288K), 2 survivors (2048K)
 Metaspace       used 104504K, capacity 107130K, committed 107776K, reserved 1142784K
  class space    used 13530K, capacity 14527K, committed 14848K, reserved 1048576K
}
Event: 158.793 GC heap after
{Heap after GC invocations=132 (full 0):
 garbage-first heap   total 348160K, used 138540K [0x0000000080000000, 0x0000000100000000)
  region size 1024K, 2 young (2048K), 2 survivors (2048K)
 Metaspace       used 104504K, capacity 107130K, committed 107776K, reserved 1142784K
  class space    used 13530K, capacity 14527K, committed 14848K, reserved 1048576K
}
Event: 161.066 GC heap before
{Heap before GC invocations=132 (full 0):
 garbage-first heap   total 348160K, used 196908K [0x0000000080000000, 0x0000000100000000)
  region size 1024K, 59 young (60416K), 2 survivors (2048K)
 Metaspace       used 104752K, capacity 107457K, committed 108032K, reserved 1142784K
  class space    used 13534K, capacity 14562K, committed 14848K, reserved 1048576K
}
Event: 161.631 GC heap after
{Heap after GC invocations=133 (full 0):
 garbage-first heap   total 348160K, used 160036K [0x0000000080000000, 0x0000000100000000)
  region size 1024K, 8 young (8192K), 8 survivors (8192K)
 Metaspace       used 104752K, capacity 107457K, committed 108032K, reserved 1142784K
  class space    used 13534K, capacity 14562K, committed 14848K, reserved 1048576K
}
Event: 161.910 GC heap before
{Heap before GC invocations=133 (full 0):
 garbage-first heap   total 348160K, used 173348K [0x0000000080000000, 0x0000000100000000)
  region size 1024K, 17 young (17408K), 8 survivors (8192K)
 Metaspace       used 104765K, capacity 107462K, committed 108032K, reserved 1142784K
  class space    used 13534K, capacity 14562K, committed 14848K, reserved 1048576K
}
Event: 161.963 GC heap after
{Heap after GC invocations=134 (full 0):
 garbage-first heap   total 348160K, used 168590K [0x0000000080000000, 0x0000000100000000)
  region size 1024K, 3 young (3072K), 3 survivors (3072K)
 Metaspace       used 104765K, capacity 107462K, committed 108032K, reserved 1142784K
  class space    used 13534K, capacity 14562K, committed 14848K, reserved 1048576K
}
Event: 162.728 GC heap before
{Heap before GC invocations=134 (full 0):
 garbage-first heap   total 348160K, used 184974K [0x0000000080000000, 0x0000000100000000)
  region size 1024K, 17 young (17408K), 3 survivors (3072K)
 Metaspace       used 104855K, capacity 107535K, committed 108288K, reserved 1142784K
  class space    used 13534K, capacity 14562K, committed 14848K, reserved 1048576K
}
Event: 162.747 GC heap after
{Heap after GC invocations=135 (full 0):
 garbage-first heap   total 348160K, used 174464K [0x0000000080000000, 0x0000000100000000)
  region size 1024K, 3 young (3072K), 3 survivors (3072K)
 Metaspace       used 104855K, capacity 107535K, committed 108288K, reserved 1142784K
  class space    used 13534K, capacity 14562K, committed 14848K, reserved 1048576K
}
Event: 162.914 GC heap before
{Heap before GC invocations=135 (full 0):
 garbage-first heap   total 348160K, used 194944K [0x0000000080000000, 0x0000000100000000)
  region size 1024K, 23 young (23552K), 3 survivors (3072K)
 Metaspace       used 104859K, capacity 107535K, committed 108288K, reserved 1142784K
  class space    used 13534K, capacity 14562K, committed 14848K, reserved 1048576K
}

